{
  "stats": {
    "suites": 5,
    "tests": 15,
    "passes": 12,
    "pending": 1,
    "failures": 2,
    "start": "2024-04-14T04:53:26.484Z",
    "end": "2024-04-14T04:53:26.590Z",
    "duration": 106,
    "testsRegistered": 15,
    "passPercent": 85.71428571428571,
    "pendingPercent": 6.666666666666667,
    "other": 0,
    "hasOther": false,
    "skipped": 0,
    "hasSkipped": false
  },
  "results": [
    {
      "uuid": "aac770e1-a927-434a-87c7-7692569abe33",
      "title": "",
      "fullFile": "",
      "file": "",
      "beforeHooks": [],
      "afterHooks": [],
      "tests": [],
      "suites": [
        {
          "uuid": "5698d3f4-90f6-431b-86fa-ee80d95bf334",
          "title": "Test Suite 3",
          "fullFile": "tests/test3.js",
          "file": "tests/test3.js",
          "beforeHooks": [],
          "afterHooks": [],
          "tests": [
            {
              "title": "Check Login 3",
              "fullTitle": "Test Suite 3 Check Login 3",
              "timedOut": null,
              "duration": 1,
              "state": "passed",
              "speed": "fast",
              "pass": true,
              "fail": false,
              "pending": false,
              "context": null,
              "code": "console.log(\"Check Login Passed 3\")",
              "err": {},
              "uuid": "46ec2761-e4a8-45a2-b022-e524a956c235",
              "parentUUID": null,
              "isHook": false,
              "skipped": false
            },
            {
              "title": "Check Home Page 3",
              "fullTitle": "Test Suite 3 Check Home Page 3",
              "timedOut": null,
              "duration": 0,
              "state": "passed",
              "speed": "fast",
              "pass": true,
              "fail": false,
              "pending": false,
              "context": null,
              "code": "console.log(\"Home Page Passed 3\")",
              "err": {},
              "uuid": "fb9e74fb-1a12-4718-b7c8-448dd2b32f42",
              "parentUUID": null,
              "isHook": false,
              "skipped": false
            },
            {
              "title": "Navigate to Home Page 3",
              "fullTitle": "Test Suite 3 Navigate to Home Page 3",
              "timedOut": null,
              "duration": 0,
              "state": "pending",
              "speed": null,
              "pass": false,
              "fail": false,
              "pending": true,
              "context": null,
              "code": "",
              "err": {},
              "uuid": "636fe124-2251-4336-ae07-b75735b74d78",
              "parentUUID": null,
              "isHook": false,
              "skipped": false
            }
          ],
          "suites": [],
          "passes": [
            "46ec2761-e4a8-45a2-b022-e524a956c235",
            "fb9e74fb-1a12-4718-b7c8-448dd2b32f42"
          ],
          "failures": [],
          "pending": [
            "636fe124-2251-4336-ae07-b75735b74d78"
          ],
          "skipped": [],
          "duration": 1,
          "root": false,
          "rootEmpty": false,
          "_timeout": null
        },
        {
          "uuid": "f7e62390-7400-46b7-9d3f-f03d316afe72",
          "title": "Test Suite 4",
          "fullFile": "tests/test4.js",
          "file": "tests/test4.js",
          "beforeHooks": [],
          "afterHooks": [],
          "tests": [
            {
              "title": "Homepage to Payment Test 4",
              "fullTitle": "Test Suite 4 Homepage to Payment Test 4",
              "timedOut": null,
              "duration": 0,
              "state": "passed",
              "speed": "fast",
              "pass": true,
              "fail": false,
              "pending": false,
              "context": null,
              "code": "console.log(\"Test Payment Page Passed 4\")",
              "err": {},
              "uuid": "7b8b98d7-0597-4851-8544-9f3cc6c1212f",
              "parentUUID": null,
              "isHook": false,
              "skipped": false
            },
            {
              "title": "Homepage to Payment Test 4",
              "fullTitle": "Test Suite 4 Homepage to Payment Test 4",
              "timedOut": null,
              "duration": 0,
              "state": "passed",
              "speed": "fast",
              "pass": true,
              "fail": false,
              "pending": false,
              "context": null,
              "code": "console.log(\"Test Payment Page Passed 4\")",
              "err": {},
              "uuid": "db94e408-ee3a-4ef9-bb26-40e376928966",
              "parentUUID": null,
              "isHook": false,
              "skipped": false
            },
            {
              "title": "Homepage to Payment Test 4",
              "fullTitle": "Test Suite 4 Homepage to Payment Test 4",
              "timedOut": null,
              "duration": 0,
              "state": "passed",
              "speed": "fast",
              "pass": true,
              "fail": false,
              "pending": false,
              "context": null,
              "code": "console.log(\"Test Payment Page Passed 4\")",
              "err": {},
              "uuid": "12ec0f2d-3b22-4d83-b0b5-5bc150c4278f",
              "parentUUID": null,
              "isHook": false,
              "skipped": false
            }
          ],
          "suites": [],
          "passes": [
            "7b8b98d7-0597-4851-8544-9f3cc6c1212f",
            "db94e408-ee3a-4ef9-bb26-40e376928966",
            "12ec0f2d-3b22-4d83-b0b5-5bc150c4278f"
          ],
          "failures": [],
          "pending": [],
          "skipped": [],
          "duration": 0,
          "root": false,
          "rootEmpty": false,
          "_timeout": null
        },
        {
          "uuid": "20735179-c029-4b21-b951-99e522e01081",
          "title": "Test Suite 1",
          "fullFile": "tests/test1.js",
          "file": "tests/test1.js",
          "beforeHooks": [],
          "afterHooks": [],
          "tests": [
            {
              "title": "Check Login 1",
              "fullTitle": "Test Suite 1 Check Login 1",
              "timedOut": null,
              "duration": 0,
              "state": "passed",
              "speed": "fast",
              "pass": true,
              "fail": false,
              "pending": false,
              "context": null,
              "code": "console.log(\"Check Login Passed 1\")",
              "err": {},
              "uuid": "678a0871-b4dc-4883-849d-6ea0813b9130",
              "parentUUID": null,
              "isHook": false,
              "skipped": false
            },
            {
              "title": "Check Home Page 1",
              "fullTitle": "Test Suite 1 Check Home Page 1",
              "timedOut": null,
              "duration": 0,
              "state": "passed",
              "speed": "fast",
              "pass": true,
              "fail": false,
              "pending": false,
              "context": null,
              "code": "console.log(\"Home Page Passed 1\")",
              "err": {},
              "uuid": "bfd9ea46-3a6b-4230-9376-a62a05787cb9",
              "parentUUID": null,
              "isHook": false,
              "skipped": false
            },
            {
              "title": "Navigate to Home Page 1",
              "fullTitle": "Test Suite 1 Navigate to Home Page 1",
              "timedOut": null,
              "duration": 0,
              "state": "failed",
              "speed": null,
              "pass": false,
              "fail": true,
              "pending": false,
              "context": null,
              "code": "console.log(\"Navigate to Home Page Passed 1\")\nconsole.log(this.test.fullTitle())\nthrow Error('Test Failure 1')",
              "err": {
                "message": "Error: Test Failure 1",
                "estack": "Error: Test Failure 1\n    at Context.<anonymous> (tests/test1.js:13:11)\n    at process.processImmediate (node:internal/timers:478:21)",
                "diff": null
              },
              "uuid": "918add35-6f7a-4461-8abb-01f339330118",
              "parentUUID": null,
              "isHook": false,
              "skipped": false
            }
          ],
          "suites": [],
          "passes": [
            "678a0871-b4dc-4883-849d-6ea0813b9130",
            "bfd9ea46-3a6b-4230-9376-a62a05787cb9"
          ],
          "failures": [
            "918add35-6f7a-4461-8abb-01f339330118"
          ],
          "pending": [],
          "skipped": [],
          "duration": 0,
          "root": false,
          "rootEmpty": false,
          "_timeout": null
        },
        {
          "uuid": "ba8dcacc-64e9-47c0-8b85-b86eb5d6d54f",
          "title": "Test Suite 2",
          "fullFile": "tests/test2.js",
          "file": "tests/test2.js",
          "beforeHooks": [],
          "afterHooks": [],
          "tests": [
            {
              "title": "Check Login 2",
              "fullTitle": "Test Suite 2 Check Login 2",
              "timedOut": null,
              "duration": 0,
              "state": "passed",
              "speed": "fast",
              "pass": true,
              "fail": false,
              "pending": false,
              "context": null,
              "code": "console.log(\"Check Login Passed 2\")",
              "err": {},
              "uuid": "45bdd554-627e-4ccd-95da-f6b56fe34bea",
              "parentUUID": null,
              "isHook": false,
              "skipped": false
            },
            {
              "title": "Check Home Page 2",
              "fullTitle": "Test Suite 2 Check Home Page 2",
              "timedOut": null,
              "duration": 0,
              "state": "passed",
              "speed": "fast",
              "pass": true,
              "fail": false,
              "pending": false,
              "context": null,
              "code": "console.log(\"Home Page Passed 2\")",
              "err": {},
              "uuid": "dff8bc12-356b-45b6-8b4e-a5573d25d57b",
              "parentUUID": null,
              "isHook": false,
              "skipped": false
            },
            {
              "title": "Navigate to Home Page 2",
              "fullTitle": "Test Suite 2 Navigate to Home Page 2",
              "timedOut": null,
              "duration": 0,
              "state": "failed",
              "speed": null,
              "pass": false,
              "fail": true,
              "pending": false,
              "context": null,
              "code": "console.log(\"Navigate to Home Page Passed 2\")\nconsole.log(this.test.fullTitle())\nthrow Error(\"Test Failure 2\")",
              "err": {
                "message": "Error: Test Failure 2",
                "estack": "Error: Test Failure 2\n    at Context.<anonymous> (tests/test2.js:13:11)\n    at process.processImmediate (node:internal/timers:478:21)",
                "diff": null
              },
              "uuid": "3b7a60bc-e0a8-4049-ad0c-6a9e4aebb50f",
              "parentUUID": null,
              "isHook": false,
              "skipped": false
            }
          ],
          "suites": [],
          "passes": [
            "45bdd554-627e-4ccd-95da-f6b56fe34bea",
            "dff8bc12-356b-45b6-8b4e-a5573d25d57b"
          ],
          "failures": [
            "3b7a60bc-e0a8-4049-ad0c-6a9e4aebb50f"
          ],
          "pending": [],
          "skipped": [],
          "duration": 0,
          "root": false,
          "rootEmpty": false,
          "_timeout": null
        },
        {
          "uuid": "fa0c4dde-47ac-49c8-9bef-669c40a841a0",
          "title": "Test Suite 5",
          "fullFile": "tests/test5.js",
          "file": "tests/test5.js",
          "beforeHooks": [],
          "afterHooks": [],
          "tests": [
            {
              "title": "Homepage to Payment Test 5",
              "fullTitle": "Test Suite 5 Homepage to Payment Test 5",
              "timedOut": null,
              "duration": 0,
              "state": "passed",
              "speed": "fast",
              "pass": true,
              "fail": false,
              "pending": false,
              "context": null,
              "code": "console.log(\"Test Payment Page Passed 5\")",
              "err": {},
              "uuid": "75228f65-38e8-451c-85d2-a1632958046a",
              "parentUUID": null,
              "isHook": false,
              "skipped": false
            },
            {
              "title": "Homepage to Payment Test 2",
              "fullTitle": "Test Suite 5 Homepage to Payment Test 2",
              "timedOut": null,
              "duration": 0,
              "state": "passed",
              "speed": "fast",
              "pass": true,
              "fail": false,
              "pending": false,
              "context": null,
              "code": "console.log(\"Test Payment Page Passed 5\")",
              "err": {},
              "uuid": "537f3e1d-15bb-4ed6-b16d-e0ae1148c746",
              "parentUUID": null,
              "isHook": false,
              "skipped": false
            },
            {
              "title": "Homepage to Payment Test 3",
              "fullTitle": "Test Suite 5 Homepage to Payment Test 3",
              "timedOut": null,
              "duration": 0,
              "state": "passed",
              "speed": "fast",
              "pass": true,
              "fail": false,
              "pending": false,
              "context": null,
              "code": "console.log(\"Test Payment Page Passed 5\")",
              "err": {},
              "uuid": "aff84bb2-869e-481e-8d5e-89522d975f25",
              "parentUUID": null,
              "isHook": false,
              "skipped": false
            }
          ],
          "suites": [],
          "passes": [
            "75228f65-38e8-451c-85d2-a1632958046a",
            "537f3e1d-15bb-4ed6-b16d-e0ae1148c746",
            "aff84bb2-869e-481e-8d5e-89522d975f25"
          ],
          "failures": [],
          "pending": [],
          "skipped": [],
          "duration": 0,
          "root": false,
          "rootEmpty": false,
          "_timeout": null
        }
      ],
      "passes": [],
      "failures": [],
      "pending": [],
      "skipped": [],
      "duration": 0,
      "root": true,
      "rootEmpty": true,
      "_timeout": 2000
    }
  ],
  "meta": {
    "mocha": {
      "version": "10.4.0"
    },
    "mochawesome": {
      "options": {
        "quiet": false,
        "reportFilename": "mochawesome",
        "saveHtml": true,
        "saveJson": true,
        "consoleReporter": "spec",
        "useInlineDiffs": false,
        "code": true
      },
      "version": "7.1.3"
    },
    "marge": {
      "options": null,
      "version": "6.2.0"
    }
  }
}